Release 14.7 - xst P.20131013 (nt64)
Copyright (c) 1995-2013 Xilinx, Inc.  All rights reserved.
--> Parameter TMPDIR set to xst/projnav.tmp


Total REAL time to Xst completion: 0.00 secs
Total CPU time to Xst completion: 0.37 secs
 
--> Parameter xsthdpdir set to xst


Total REAL time to Xst completion: 0.00 secs
Total CPU time to Xst completion: 0.37 secs
 
--> Reading design: co2Detector.prj

TABLE OF CONTENTS
  1) Synthesis Options Summary
  2) HDL Compilation
  3) Design Hierarchy Analysis
  4) HDL Analysis
  5) HDL Synthesis
     5.1) HDL Synthesis Report
  6) Advanced HDL Synthesis
     6.1) Advanced HDL Synthesis Report
  7) Low Level Synthesis
  8) Partition Report
  9) Final Report
	9.1) Device utilization summary
	9.2) Partition Resource Summary
	9.3) TIMING REPORT


=========================================================================
*                      Synthesis Options Summary                        *
=========================================================================
---- Source Parameters
Input File Name                    : "co2Detector.prj"
Input Format                       : mixed
Ignore Synthesis Constraint File   : NO

---- Target Parameters
Output File Name                   : "co2Detector"
Output Format                      : NGC
Target Device                      : xc3s50-4-pq208

---- Source Options
Top Module Name                    : co2Detector
Automatic FSM Extraction           : YES
FSM Encoding Algorithm             : Auto
Safe Implementation                : No
FSM Style                          : LUT
RAM Extraction                     : Yes
RAM Style                          : Auto
ROM Extraction                     : Yes
Mux Style                          : Auto
Decoder Extraction                 : YES
Priority Encoder Extraction        : Yes
Shift Register Extraction          : YES
Logical Shifter Extraction         : YES
XOR Collapsing                     : YES
ROM Style                          : Auto
Mux Extraction                     : Yes
Resource Sharing                   : YES
Asynchronous To Synchronous        : NO
Multiplier Style                   : Auto
Automatic Register Balancing       : No

---- Target Options
Add IO Buffers                     : YES
Global Maximum Fanout              : 500
Add Generic Clock Buffer(BUFG)     : 8
Register Duplication               : YES
Slice Packing                      : YES
Optimize Instantiated Primitives   : NO
Use Clock Enable                   : Yes
Use Synchronous Set                : Yes
Use Synchronous Reset              : Yes
Pack IO Registers into IOBs        : Auto
Equivalent register Removal        : YES

---- General Options
Optimization Goal                  : Speed
Optimization Effort                : 1
Keep Hierarchy                     : No
Netlist Hierarchy                  : As_Optimized
RTL Output                         : Yes
Global Optimization                : AllClockNets
Read Cores                         : YES
Write Timing Constraints           : NO
Cross Clock Analysis               : NO
Hierarchy Separator                : /
Bus Delimiter                      : <>
Case Specifier                     : Maintain
Slice Utilization Ratio            : 100
BRAM Utilization Ratio             : 100
Verilog 2001                       : YES
Auto BRAM Packing                  : NO
Slice Utilization Ratio Delta      : 5

=========================================================================


=========================================================================
*                          HDL Compilation                              *
=========================================================================
Compiling verilog file "co2Detector.v" in library work
Module <co2Detector> compiled
No errors in compilation
Analysis of file <"co2Detector.prj"> succeeded.
 

=========================================================================
*                     Design Hierarchy Analysis                         *
=========================================================================
Analyzing hierarchy for module <co2Detector> in library <work> with parameters.
	S0 = "0000"
	S1 = "0001"
	S2 = "0010"
	S3 = "0011"
	S4 = "0100"
	S5 = "0101"
	S6 = "0110"
	S7 = "0111"
	S8 = "1000"
	S9 = "1001"


=========================================================================
*                            HDL Analysis                               *
=========================================================================
Analyzing top module <co2Detector>.
	S0 = 4'b0000
	S1 = 4'b0001
	S2 = 4'b0010
	S3 = 4'b0011
	S4 = 4'b0100
	S5 = 4'b0101
	S6 = 4'b0110
	S7 = 4'b0111
	S8 = 4'b1000
	S9 = 4'b1001
Module <co2Detector> is correct for synthesis.
 

=========================================================================
*                           HDL Synthesis                               *
=========================================================================

Performing bidirectional port resolution...

Synthesizing Unit <co2Detector>.
    Related source file is "co2Detector.v".
    Found finite state machine <FSM_0> for signal <state>.
    -----------------------------------------------------------------------
    | States             | 10                                             |
    | Transitions        | 20                                             |
    | Inputs             | 1                                              |
    | Outputs            | 6                                              |
    | Clock              | CLK                       (rising_edge)        |
    | Reset              | RST                       (negative)           |
    | Reset type         | asynchronous                                   |
    | Reset State        | 0000                                           |
    | Encoding           | automatic                                      |
    | Implementation     | LUT                                            |
    -----------------------------------------------------------------------
    Summary:
	inferred   1 Finite State Machine(s).
Unit <co2Detector> synthesized.


=========================================================================
HDL Synthesis Report

Found no macro
=========================================================================

=========================================================================
*                       Advanced HDL Synthesis                          *
=========================================================================

Analyzing FSM <FSM_0> for best encoding.
Optimizing FSM <state/FSM> on signal <state[1:10]> with one-hot encoding.
---------------------
 State | Encoding
---------------------
 0000  | 0000000001
 0001  | 0000000010
 0010  | 0000000100
 0011  | 0000001000
 0100  | 0000010000
 0101  | 0000100000
 0110  | 0001000000
 0111  | 0010000000
 1000  | 0100000000
 1001  | 1000000000
---------------------

=========================================================================
Advanced HDL Synthesis Report

Macro Statistics
# FSMs                                                 : 1

=========================================================================

=========================================================================
*                         Low Level Synthesis                           *
=========================================================================

Optimizing unit <co2Detector> ...

Mapping all equations...
Building and optimizing final netlist ...
Found area constraint ratio of 100 (+ 5) on block co2Detector, actual ratio is 0.

Final Macro Processing ...

=========================================================================
Final Register Report

Macro Statistics
# Registers                                            : 9
 Flip-Flops                                            : 9

=========================================================================

=========================================================================
*                           Partition Report                            *
=========================================================================

Partition Implementation Status
-------------------------------

  No Partitions were found in this design.

-------------------------------

=========================================================================
*                            Final Report                               *
=========================================================================
Final Results
RTL Top Level Output File Name     : co2Detector.ngr
Top Level Output File Name         : co2Detector
Output Format                      : NGC
Optimization Goal                  : Speed
Keep Hierarchy                     : No

Design Statistics
# IOs                              : 4

Cell Usage :
# BELS                             : 12
#      INV                         : 1
#      LUT2                        : 8
#      LUT3                        : 2
#      LUT4                        : 1
# FlipFlops/Latches                : 9
#      FDC                         : 9
# Clock Buffers                    : 1
#      BUFGP                       : 1
# IO Buffers                       : 3
#      IBUF                        : 2
#      OBUF                        : 1
=========================================================================

Device utilization summary:
---------------------------

Selected Device : 3s50pq208-4 

 Number of Slices:                        6  out of    768     0%  
 Number of Slice Flip Flops:              9  out of   1536     0%  
 Number of 4 input LUTs:                 12  out of   1536     0%  
 Number of IOs:                           4
 Number of bonded IOBs:                   4  out of    124     3%  
 Number of GCLKs:                         1  out of      8    12%  

---------------------------
Partition Resource Summary:
---------------------------

  No Partitions were found in this design.

---------------------------


=========================================================================
TIMING REPORT

NOTE: THESE TIMING NUMBERS ARE ONLY A SYNTHESIS ESTIMATE.
      FOR ACCURATE TIMING INFORMATION PLEASE REFER TO THE TRACE REPORT
      GENERATED AFTER PLACE-and-ROUTE.

Clock Information:
------------------
-----------------------------------+------------------------+-------+
Clock Signal                       | Clock buffer(FF name)  | Load  |
-----------------------------------+------------------------+-------+
CLK                                | BUFGP                  | 9     |
-----------------------------------+------------------------+-------+

Asynchronous Control Signals Information:
----------------------------------------
-------------------------------------------------------+------------------------+-------+
Control Signal                                         | Buffer(FF name)        | Load  |
-------------------------------------------------------+------------------------+-------+
state_FSM_Acst_FSM_inv(state_FSM_Acst_FSM_inv1_INV_0:O)| NONE(state_FSM_FFd1)   | 9     |
-------------------------------------------------------+------------------------+-------+

Timing Summary:
---------------
Speed Grade: -4

   Minimum period: 2.576ns (Maximum Frequency: 388.199MHz)
   Minimum input arrival time before clock: 3.038ns
   Maximum output required time after clock: 10.310ns
   Maximum combinational path delay: No path found

Timing Detail:
--------------
All values displayed in nanoseconds (ns)

=========================================================================
Timing constraint: Default period analysis for Clock 'CLK'
  Clock period: 2.576ns (frequency: 388.199MHz)
  Total number of paths / destination ports: 10 / 9
-------------------------------------------------------------------------
Delay:               2.576ns (Levels of Logic = 1)
  Source:            state_FSM_FFd7 (FF)
  Destination:       state_FSM_FFd6 (FF)
  Source Clock:      CLK rising
  Destination Clock: CLK rising

  Data Path: state_FSM_FFd7 to state_FSM_FFd6
                                Gate     Net
    Cell:in->out      fanout   Delay   Delay  Logical Name (Net Name)
    ----------------------------------------  ------------
     FDC:C->Q              3   0.720   1.102  state_FSM_FFd7 (state_FSM_FFd7)
     LUT2:I1->O            1   0.551   0.000  state_FSM_FFd6-In1 (state_FSM_FFd6-In)
     FDC:D                     0.203          state_FSM_FFd6
    ----------------------------------------
    Total                      2.576ns (1.474ns logic, 1.102ns route)
                                       (57.2% logic, 42.8% route)

=========================================================================
Timing constraint: Default OFFSET IN BEFORE for Clock 'CLK'
  Total number of paths / destination ports: 9 / 9
-------------------------------------------------------------------------
Offset:              3.038ns (Levels of Logic = 2)
  Source:            x (PAD)
  Destination:       state_FSM_FFd3 (FF)
  Destination Clock: CLK rising

  Data Path: x to state_FSM_FFd3
                                Gate     Net
    Cell:in->out      fanout   Delay   Delay  Logical Name (Net Name)
    ----------------------------------------  ------------
     IBUF:I->O             9   0.821   1.463  x_IBUF (x_IBUF)
     LUT2:I0->O            1   0.551   0.000  state_FSM_FFd8-In1 (state_FSM_FFd8-In)
     FDC:D                     0.203          state_FSM_FFd8
    ----------------------------------------
    Total                      3.038ns (1.575ns logic, 1.463ns route)
                                       (51.8% logic, 48.2% route)

=========================================================================
Timing constraint: Default OFFSET OUT AFTER for Clock 'CLK'
  Total number of paths / destination ports: 6 / 1
-------------------------------------------------------------------------
Offset:              10.310ns (Levels of Logic = 3)
  Source:            state_FSM_FFd5 (FF)
  Destination:       Z (PAD)
  Source Clock:      CLK rising

  Data Path: state_FSM_FFd5 to Z
                                Gate     Net
    Cell:in->out      fanout   Delay   Delay  Logical Name (Net Name)
    ----------------------------------------  ------------
     FDC:C->Q              2   0.720   1.216  state_FSM_FFd5 (state_FSM_FFd5)
     LUT3:I0->O            1   0.551   0.827  Z_SW0 (N2)
     LUT4:I3->O            1   0.551   0.801  Z (Z_OBUF)
     OBUF:I->O                 5.644          Z_OBUF (Z)
    ----------------------------------------
    Total                     10.310ns (7.466ns logic, 2.844ns route)
                                       (72.4% logic, 27.6% route)

=========================================================================


Total REAL time to Xst completion: 13.00 secs
Total CPU time to Xst completion: 12.76 secs
 
--> 

Total memory usage is 4505816 kilobytes

Number of errors   :    0 (   0 filtered)
Number of warnings :    0 (   0 filtered)
Number of infos    :    0 (   0 filtered)

