Running: E:\programs\ise\14.7\ISE_DS\ISE\bin\nt64\unwrapped\fuse.exe -intstyle ise -incremental -lib unisims_ver -lib unimacro_ver -lib xilinxcorelib_ver -o M:/uni/thirdsummestur/az manteghi/final proj/phase 1/part 1/temperature_calculator_test_isim_beh.exe -prj M:/uni/thirdsummestur/az manteghi/final proj/phase 1/part 1/temperature_calculator_test_beh.prj work.temperature_calculator_test work.glbl 
ISim P.20131013 (signature 0x7708f090)
Number of CPUs detected in this system: 8
Turning on mult-threading, number of parallel sub-compilation jobs: 16 
Determining compilation order of HDL files
Analyzing Verilog file "M:/uni/thirdsummestur/az manteghi/final proj/phase 1/part 1/Multiplier8x8.v" into library work
Analyzing Verilog file "M:/uni/thirdsummestur/az manteghi/final proj/phase 1/part 1/Multiplier16x16.v" into library work
Analyzing Verilog file "M:/uni/thirdsummestur/az manteghi/final proj/phase 1/part 1/AdderSubtractor32bit.v" into library work
WARNING:HDLCompiler:114 - "M:/uni/thirdsummestur/az manteghi/final proj/phase 1/part 1/AdderSubtractor32bit.v" Line 41: /* in comment
Analyzing Verilog file "M:/uni/thirdsummestur/az manteghi/final proj/phase 1/part 1/TemperatureCalculator.v" into library work
Analyzing Verilog file "M:/uni/thirdsummestur/az manteghi/final proj/phase 1/part 1/temperature_calculator_test.v" into library work
Analyzing Verilog file "E:/programs/ise/14.7/ISE_DS/ISE//verilog/src/glbl.v" into library work
Starting static elaboration
Completed static elaboration
Compiling module Multiplier8x8
Compiling module Multiplier16x16
Compiling module AdderSubtractor32x32
Compiling module TemperatureCalculator
Compiling module temperature_calculator_test
Compiling module glbl
Time Resolution for simulation is 1ps.
Waiting for 1 sub-compilation(s) to finish...
Compiled 6 Verilog Units
Built simulation executable M:/uni/thirdsummestur/az manteghi/final proj/phase 1/part 1/temperature_calculator_test_isim_beh.exe
Fuse Memory Usage: 27592 KB
Fuse CPU Usage: 1015 ms
